18-12-2021 19:29:24Consulta inválida: You have an error in your SQL syntax; check the manual that corresponds to your MySQL server version for the right syntax to use near 'SELECT * FROM `usuario_identificado`' at line 6
18-12-2021 19:29:26Consulta inválida: You have an error in your SQL syntax; check the manual that corresponds to your MySQL server version for the right syntax to use near 'SELECT * FROM `usuario_identificado`' at line 6
18-12-2021 19:31:41Consulta inválida: You have an error in your SQL syntax; check the manual that corresponds to your MySQL server version for the right syntax to use near 'SELECT * FROM `usuario_identificado`' at line 6
18-12-2021 20:31:08Consulta inválida: You have an error in your SQL syntax; check the manual that corresponds to your MySQL server version for the right syntax to use near 'SELECT * FROM `usuario_identificado`' at line 7
19-12-2021 18:43:49Consulta inválida: Unknown column 'id_i' in 'where clause'
19-12-2021 18:43:50Consulta inválida: Unknown column 'id_i' in 'where clause'
19-12-2021 18:43:51Consulta inválida: Unknown column 'id_i' in 'where clause'
19-12-2021 18:58:16Consulta inválida: You have an error in your SQL syntax; check the manual that corresponds to your MySQL server version for the right syntax to use near 'BY 5' at line 11
19-12-2021 18:58:17Consulta inválida: You have an error in your SQL syntax; check the manual that corresponds to your MySQL server version for the right syntax to use near 'BY 5' at line 11
19-12-2021 18:59:10Consulta inválida: You have an error in your SQL syntax; check the manual that corresponds to your MySQL server version for the right syntax to use near 'GROUP BY i.id
					
				ORDER BY ST_Distance(i.localizacao, j.localizacao, 'metr' at line 7
19-12-2021 19:32:25Consulta inválida: You have an error in your SQL syntax; check the manual that corresponds to your MySQL server version for the right syntax to use near 'GROUP BY i.id
					
				ORDER BY ST_Distance(i.localizacao, j.localizacao, 'metr' at line 7
19-12-2021 19:32:28Consulta inválida: You have an error in your SQL syntax; check the manual that corresponds to your MySQL server version for the right syntax to use near 'GROUP BY i.id
					
				ORDER BY ST_Distance(i.localizacao, j.localizacao, 'metr' at line 7
19-12-2021 20:06:29Consulta inválida: You have an error in your SQL syntax; check the manual that corresponds to your MySQL server version for the right syntax to use near 'ORDER BY boletim_ocorrencia DESC' at line 7
19-12-2021 20:09:52Consulta inválida: You have an error in your SQL syntax; check the manual that corresponds to your MySQL server version for the right syntax to use near 'SELECT * FROM `usuario_identificado`' at line 7
19-12-2021 20:10:25Consulta inválida: You have an error in your SQL syntax; check the manual that corresponds to your MySQL server version for the right syntax to use near 'SELECT * FROM `usuario_identificado`' at line 7
19-12-2021 20:48:53Consulta inválida: You have an error in your SQL syntax; check the manual that corresponds to your MySQL server version for the right syntax to use near 'SELECT * FROM `usuario_identificado`' at line 7
19-12-2021 20:48:58Consulta inválida: You have an error in your SQL syntax; check the manual that corresponds to your MySQL server version for the right syntax to use near 'SELECT * FROM `usuario_identificado`' at line 7
19-12-2021 20:49:34Consulta inválida: You have an error in your SQL syntax; check the manual that corresponds to your MySQL server version for the right syntax to use near '<10000
				ORDER BY cc.id ASC
				LIMIT 4' at line 5
19-12-2021 20:50:15Consulta inválida: You have an error in your SQL syntax; check the manual that corresponds to your MySQL server version for the right syntax to use near 'SELECT * FROM `usuario_identificado`' at line 7
19-12-2021 20:50:27Consulta inválida: Table 'mydb.estado' doesn't exist
19-12-2021 20:50:55Consulta inválida: You have an error in your SQL syntax; check the manual that corresponds to your MySQL server version for the right syntax to use near 'SELECT * FROM `usuario_identificado`' at line 7
19-12-2021 21:06:06Consulta inválida: You have an error in your SQL syntax; check the manual that corresponds to your MySQL server version for the right syntax to use near 'ORDER BY boletim_ocorrencia DESC' at line 7
19-12-2021 21:06:57Consulta inválida: You have an error in your SQL syntax; check the manual that corresponds to your MySQL server version for the right syntax to use near 'ORDER BY boletim_ocorrencia DESC' at line 7
19-12-2021 21:06:59Consulta inválida: You have an error in your SQL syntax; check the manual that corresponds to your MySQL server version for the right syntax to use near 'ORDER BY boletim_ocorrencia DESC' at line 7
19-12-2021 21:07:00Consulta inválida: You have an error in your SQL syntax; check the manual that corresponds to your MySQL server version for the right syntax to use near 'ORDER BY boletim_ocorrencia DESC' at line 7
19-12-2021 21:25:31Consulta inválida: Query was empty
19-12-2021 21:41:07Consulta inválida: Query was empty
19-12-2021 21:41:09Consulta inválida: Query was empty
19-12-2021 22:07:09Consulta inválida: You have an error in your SQL syntax; check the manual that corresponds to your MySQL server version for the right syntax to use near 'WHERE 
					 ST_Distance(cc.localizacao, cc2.localizacao, 'metre')<10000
					
	' at line 5
19-12-2021 22:07:12Consulta inválida: You have an error in your SQL syntax; check the manual that corresponds to your MySQL server version for the right syntax to use near 'WHERE 
					 ST_Distance(cc.localizacao, cc2.localizacao, 'metre')<10000
					
	' at line 5
19-12-2021 22:12:21Consulta inválida: Unknown column 'u.id' in 'order clause'
19-12-2021 22:12:23Consulta inválida: Unknown column 'u.id' in 'order clause'
19-12-2021 22:12:23Consulta inválida: Unknown column 'u.id' in 'order clause'
19-12-2021 22:14:02Consulta inválida: Unknown column 'u.id' in 'order clause'
19-12-2021 22:14:05Consulta inválida: Unknown column 'u.id' in 'order clause'
19-12-2021 22:14:06Consulta inválida: Unknown column 'u.id' in 'order clause'
19-12-2021 22:14:52Consulta inválida: Unknown column 'u.id' in 'order clause'
19-12-2021 22:14:53Consulta inválida: Unknown column 'u.id' in 'order clause'
19-12-2021 22:18:19Consulta inválida: Table 'mydb.estado' doesn't exist
19-12-2021 22:18:25Consulta inválida: Table 'mydb.estado' doesn't exist
20-12-2021 00:05:05Invalid GIS data provided to function st_geomfromtext.
20-12-2021 00:10:05Field 'descricao' doesn't have a default value
20-12-2021 00:12:00Invalid GIS data provided to function st_geomfromtext.
20-12-2021 00:15:17Invalid GIS data provided to function st_geomfromtext.
20-12-2021 00:16:13Invalid GIS data provided to function st_geomfromtext.
20-12-2021 00:20:33Invalid GIS data provided to function st_geomfromtext.
20-12-2021 00:25:41Invalid GIS data provided to function st_geomfromtext.
20-12-2021 00:30:10Invalid GIS data provided to function st_geomfromtext.
20-12-2021 00:32:35Invalid GIS data provided to function st_geomfromtext.
20-12-2021 00:33:25Invalid GIS data provided to function st_geomfromtext.
20-12-2021 00:41:36Field 'descricao' doesn't have a default value
20-12-2021 00:48:06Field 'descricao' doesn't have a default value
20-12-2021 01:02:26Field 'descricao' doesn't have a default value
20-12-2021 01:06:08Field 'descricao' doesn't have a default value
20-12-2021 01:09:43Field 'descricao' doesn't have a default value
20-12-2021 01:11:50Field 'descricao' doesn't have a default value
20-12-2021 01:21:08Consulta inválida: Table 'mydb.estado' doesn't exist
20-12-2021 01:33:56Consulta inválida: Table 'mydb.estado' doesn't exist
20-12-2021 01:49:51Field 'descricao' doesn't have a default value
20-12-2021 01:50:59Consulta inválida: Table 'mydb.estado' doesn't exist
